mode: atomic
github.com/prologic/shortener/main.go:17.13,33.13 8 0
github.com/prologic/shortener/main.go:38.2,40.16 3 0
github.com/prologic/shortener/main.go:43.2,49.39 4 0
github.com/prologic/shortener/main.go:33.13,36.3 2 0
github.com/prologic/shortener/main.go:40.16,42.3 1 0
github.com/prologic/shortener/models.go:16.26,17.6 1 0
github.com/prologic/shortener/models.go:17.6,21.17 3 0
github.com/prologic/shortener/models.go:21.17,23.4 1 0
github.com/prologic/shortener/models.go:27.50,32.16 3 0
github.com/prologic/shortener/models.go:32.16,37.3 3 0
github.com/prologic/shortener/models.go:37.8,39.3 1 0
github.com/prologic/shortener/models.go:43.42,47.2 3 0
github.com/prologic/shortener/server.go:24.53,25.75 1 0
github.com/prologic/shortener/server.go:25.75,30.30 3 0
github.com/prologic/shortener/server.go:35.3,36.9 2 0
github.com/prologic/shortener/server.go:40.3,41.17 2 0
github.com/prologic/shortener/server.go:47.3,49.28 2 0
github.com/prologic/shortener/server.go:30.30,33.4 2 0
github.com/prologic/shortener/server.go:36.9,38.4 1 0
github.com/prologic/shortener/server.go:41.17,45.4 3 0
github.com/prologic/shortener/server.go:53.54,54.75 1 0
github.com/prologic/shortener/server.go:54.75,58.15 3 0
github.com/prologic/shortener/server.go:63.3,64.45 2 0
github.com/prologic/shortener/server.go:73.3,73.47 1 0
github.com/prologic/shortener/server.go:58.15,61.4 2 0
github.com/prologic/shortener/server.go:64.45,67.4 2 0
github.com/prologic/shortener/server.go:67.9,67.24 1 0
github.com/prologic/shortener/server.go:67.24,71.4 3 0
github.com/prologic/shortener/server.go:77.35,86.2 1 0
github.com/prologic/shortener/server.go:88.31,91.2 2 0
github.com/prologic/shortener/server.go:93.52,109.2 3 0
github.com/prologic/shortener/utils.go:12.38,15.26 3 0
github.com/prologic/shortener/utils.go:18.2,18.22 1 0
github.com/prologic/shortener/utils.go:15.26,17.3 1 0
github.com/prologic/shortener/version.go:14.27,16.2 1 0
